<?xml version="1.0" encoding="UTF-8"?>
<!-- Generated by org.testng.reporters.JUnitReportReporter -->
<testsuite skipped="0" hostname="Dell" name="com.crm.qa.testcases.TestDemo" tests="1" failures="0" timestamp="26 Jun 2018 14:36:01 GMT" time="11.949" errors="0">
  <testcase name="test1" time="11.949" classname="com.crm.qa.testcases.TestDemo"/>
</testsuite> <!-- com.crm.qa.testcases.TestDemo -->
