<?xml version="1.0" encoding="UTF-8"?>
<!-- Generated by org.testng.reporters.JUnitReportReporter -->
<testsuite skipped="0" hostname="Dell" name="com.crm.qa.testcases.ContactsPageTest" tests="6" failures="0" timestamp="27 Jun 2018 11:38:30 GMT" time="448.985" errors="0">
  <testcase name="verifyContactLabelTest" time="56.820" classname="com.crm.qa.testcases.ContactsPageTest"/>
  <testcase name="clickOnSelectedContact" time="57.271" classname="com.crm.qa.testcases.ContactsPageTest"/>
  <testcase name="verifyCreateNewContact" time="136.519" classname="com.crm.qa.testcases.ContactsPageTest"/>
  <testcase name="verifyCreateNewContact" time="74.114" classname="com.crm.qa.testcases.ContactsPageTest"/>
  <testcase name="verifyCreateNewContact" time="64.481" classname="com.crm.qa.testcases.ContactsPageTest"/>
  <testcase name="verifyCreateNewContact" time="59.780" classname="com.crm.qa.testcases.ContactsPageTest"/>
</testsuite> <!-- com.crm.qa.testcases.ContactsPageTest -->
