<?xml version="1.0" encoding="UTF-8"?>
<!-- Generated by org.testng.reporters.JUnitReportReporter -->
<testsuite skipped="0" hostname="Dell" name="com.crm.qa.testcases.LoginTestCase" tests="3" failures="0" timestamp="27 Jun 2018 11:38:30 GMT" time="113.974" errors="0">
  <testcase name="crmTitleTest" time="25.223" classname="com.crm.qa.testcases.LoginTestCase"/>
  <testcase name="loginTitleTest" time="40.402" classname="com.crm.qa.testcases.LoginTestCase"/>
  <testcase name="loginTest" time="48.349" classname="com.crm.qa.testcases.LoginTestCase"/>
</testsuite> <!-- com.crm.qa.testcases.LoginTestCase -->
