<?xml version="1.0" encoding="UTF-8"?>
<!-- Generated by org.testng.reporters.JUnitReportReporter -->
<testsuite skipped="0" hostname="Dell" name="com.crm.qa.testcases.HomePageTestcase" tests="3" failures="0" timestamp="27 Jun 2018 11:38:30 GMT" time="255.550" errors="0">
  <testcase name="verifyHomePageTitle" time="55.279" classname="com.crm.qa.testcases.HomePageTestcase"/>
  <testcase name="verifyUserName" time="111.907" classname="com.crm.qa.testcases.HomePageTestcase"/>
  <testcase name="verifyClickContactLink" time="88.364" classname="com.crm.qa.testcases.HomePageTestcase"/>
</testsuite> <!-- com.crm.qa.testcases.HomePageTestcase -->
