<?xml version="1.0" encoding="UTF-8"?>
<!-- Generated by org.testng.reporters.JUnitReportReporter -->
<testsuite hostname="Dell" name="com.crm.qa.testcases.LoginTestCase" tests="3" failures="0" timestamp="27 Jun 2018 11:44:54 GMT" time="43.023" errors="0">
  <testcase name="loginTest" time="18.275" classname="com.crm.qa.testcases.LoginTestCase"/>
  <testcase name="loginTitleTest" time="12.328" classname="com.crm.qa.testcases.LoginTestCase"/>
  <testcase name="crmTitleTest" time="12.420" classname="com.crm.qa.testcases.LoginTestCase"/>
</testsuite> <!-- com.crm.qa.testcases.LoginTestCase -->
