<?xml version="1.0" encoding="UTF-8"?>
<!-- Generated by org.testng.reporters.JUnitReportReporter -->
<testsuite hostname="Dell" name="com.crm.qa.testcases.ContactsPageTest" tests="6" failures="0" timestamp="27 Jun 2018 11:44:54 GMT" time="152.241" errors="0">
  <testcase name="clickOnSelectedContact" time="20.432" classname="com.crm.qa.testcases.ContactsPageTest"/>
  <testcase name="verifyCreateNewContact" time="31.435" classname="com.crm.qa.testcases.ContactsPageTest"/>
  <testcase name="verifyCreateNewContact" time="22.631" classname="com.crm.qa.testcases.ContactsPageTest"/>
  <testcase name="verifyCreateNewContact" time="25.260" classname="com.crm.qa.testcases.ContactsPageTest"/>
  <testcase name="verifyContactLabelTest" time="20.709" classname="com.crm.qa.testcases.ContactsPageTest"/>
  <testcase name="verifyCreateNewContact" time="31.774" classname="com.crm.qa.testcases.ContactsPageTest"/>
</testsuite> <!-- com.crm.qa.testcases.ContactsPageTest -->
